0 info it worked if it ends with ok
1 verbose cli [ 'C:\\Program Files\\nodejs\\node.exe',
1 verbose cli   'C:\\Program Files\\nodejs\\node_modules\\npm\\bin\\npm-cli.js',
1 verbose cli   'start' ]
2 info using npm@2.14.12
3 info using node@v4.2.6
4 verbose stack Error: missing script: start
4 verbose stack     at run (C:\Users\anytao\AppData\Roaming\nvm\v4.2.6\node_modules\npm\lib\run-script.js:142:19)
4 verbose stack     at C:\Users\anytao\AppData\Roaming\nvm\v4.2.6\node_modules\npm\lib\run-script.js:58:5
4 verbose stack     at C:\Users\anytao\AppData\Roaming\nvm\v4.2.6\node_modules\npm\node_modules\read-package-json\read-json.js:345:5
4 verbose stack     at checkBinReferences_ (C:\Users\anytao\AppData\Roaming\nvm\v4.2.6\node_modules\npm\node_modules\read-package-json\read-json.js:309:45)
4 verbose stack     at final (C:\Users\anytao\AppData\Roaming\nvm\v4.2.6\node_modules\npm\node_modules\read-package-json\read-json.js:343:3)
4 verbose stack     at then (C:\Users\anytao\AppData\Roaming\nvm\v4.2.6\node_modules\npm\node_modules\read-package-json\read-json.js:113:5)
4 verbose stack     at C:\Users\anytao\AppData\Roaming\nvm\v4.2.6\node_modules\npm\node_modules\read-package-json\read-json.js:300:12
4 verbose stack     at C:\Users\anytao\AppData\Roaming\nvm\v4.2.6\node_modules\npm\node_modules\graceful-fs\graceful-fs.js:76:16
4 verbose stack     at FSReqWrap.readFileAfterClose [as oncomplete] (fs.js:380:3)
5 verbose cwd F:\github\frontEnd
6 error Windows_NT 10.0.10586
7 error argv "C:\\Program Files\\nodejs\\node.exe" "C:\\Program Files\\nodejs\\node_modules\\npm\\bin\\npm-cli.js" "start"
8 error node v4.2.6
9 error npm  v2.14.12
10 error missing script: start
11 error If you need help, you may report this error at:
11 error     <https://github.com/npm/npm/issues>
12 verbose exit [ 1, true ]
